here!
received token: 924727275:AAGW0DLzd9PjiUU4eiFyvh8JzVAcdU5O3B0
{} 924727275:AAGW0DLzd9PjiUU4eiFyvh8JzVAcdU5O3B0
scheduling
dict_keys(['924727275'])
here!
received token: 877449221:AAFOG0FUZccsfetweOo_QNY8dB4dSMAs0x0
{'924727275': <telegram.bot.Bot object at 0x7f5d0a2ca8d0>} 877449221:AAFOG0FUZccsfetweOo_QNY8dB4dSMAs0x0
19
set go
{'chat_id': '-389291248',
 'date': '2019-09-02',
 'desc': 'Лалалей',
 'end_date': '2019-09-03',
 'frequency': 'each_days',
 'id': '2',
 'selected_hr': '19',
 'selected_min': '31',
 'state': 'running'}
19
scheduling
dict_keys(['924727275', '877449221'])
here!
received token: 906256479:AAFjVAg2a9K49P9opMXesx2RvPxA9pzGy7I
{'924727275': <telegram.bot.Bot object at 0x7f5d0a2ca8d0>, '877449221': <telegram.bot.Bot object at 0x7f5d08257400>} 906256479:AAFjVAg2a9K49P9opMXesx2RvPxA9pzGy7I
13
set go
{'chat_id': '-380916455',
 'date': '2019-09-01',
 'desc': 'Написали что-нибудь из Сбера?',
 'end_date': '2019-09-27',
 'frequency': 'each_days',
 'id': '13',
 'selected_hr': '13',
 'selected_min': '10',
 'state': 'running'}
13
scheduling
dict_keys(['924727275', '877449221', '906256479'])
here!
received token: 765923564:AAGwlyc8Ox9bZjbDCGnAK6Alw4_jA7vZ5As
{'924727275': <telegram.bot.Bot object at 0x7f5d0a2ca8d0>, '877449221': <telegram.bot.Bot object at 0x7f5d08257400>, '906256479': <telegram.bot.Bot object at 0x7f5d08271fd0>} 765923564:AAGwlyc8Ox9bZjbDCGnAK6Alw4_jA7vZ5As
17
set go
{'chat_id': '-368417082',
 'date': '2019-09-06',
 'desc': 'Hey hey! Tell me about your great achievements! 🚀🚀🚀',
 'end_date': '2020-01-31',
 'frequency': 'busy_days',
 'id': '5',
 'selected_hr': '17',
 'selected_min': '00',
 'state': 'running'}
17
scheduling
dict_keys(['924727275', '877449221', '906256479', '765923564'])
here!
received token: 862615750:AAFaZB-CbMnP4u_YuGUxHEvxYs3rVY8dCh0
{'924727275': <telegram.bot.Bot object at 0x7f5d0a2ca8d0>, '877449221': <telegram.bot.Bot object at 0x7f5d08257400>, '906256479': <telegram.bot.Bot object at 0x7f5d08271fd0>, '765923564': <telegram.bot.Bot object at 0x7f5d08258128>} 862615750:AAFaZB-CbMnP4u_YuGUxHEvxYs3rVY8dCh0
21
set go
{'chat_id': '-1001419020405',
 'date': '2019-09-03',
 'desc': 'Сколько заездов за сегодня?',
 'end_date': '2020-06-30',
 'frequency': 'each_days',
 'id': '0',
 'selected_hr': '21',
 'selected_min': '47',
 'state': 'running'}
21
21
set go
{'chat_id': '-227677249',
 'date': '2019-09-04',
 'desc': 'Сколько заездов за сегодня?',
 'end_date': '2020-09-30',
 'frequency': 'each_days',
 'id': '1',
 'selected_hr': '21',
 'selected_min': '45',
 'state': 'running'}
21
23
set go
{'chat_id': '-386406721',
 'date': '2019-09-06',
 'desc': 'Сколько сегодня заказов?',
 'end_date': '2019-12-31',
 'frequency': 'each_days',
 'id': '2',
 'selected_hr': '23',
 'selected_min': '59',
 'state': 'running'}
23
17
set go
{'chat_id': '-1001419020405',
 'date': '2019-09-06',
 'desc': 'Сколько уже заездов?',
 'end_date': '2019-12-31',
 'frequency': 'each_days',
 'id': '3',
 'selected_hr': '17',
 'selected_min': '55',
 'state': 'running'}
17
17
set go
{'chat_id': '-227677249',
 'date': '2019-09-06',
 'desc': 'Сколько уже заездов?',
 'end_date': '2019-12-31',
 'frequency': 'each_days',
 'id': '4',
 'selected_hr': '17',
 'selected_min': '57',
 'state': 'running'}
17
14
set go
{'chat_id': '-1001419020405',
 'date': '2019-09-07',
 'desc': 'Сколько заездов уже было?',
 'end_date': '2019-12-31',
 'frequency': 'each_days',
 'id': '5',
 'selected_hr': '14',
 'selected_min': '32',
 'state': 'running'}
14
20
set go
{'chat_id': '-289972636',
 'date': '2019-09-06',
 'desc': 'Руслан, привет! Как дела сегодня? Распиши пожалуйста то, что важное '
         'произошло и что ты сделал сегодня?',
 'end_date': '2020-06-30',
 'frequency': 'busy_days',
 'id': '6',
 'selected_hr': '20',
 'selected_min': '05',
 'state': 'running'}
20
20
set go
{'chat_id': '-397775931',
 'date': '2019-09-06',
 'desc': 'Ульяна, привет! Как дела сегодня? Распиши пожалуйста то, что важное '
         'произошло и что ты сделала сегодня?',
 'end_date': '2020-07-31',
 'frequency': 'busy_days',
 'id': '7',
 'selected_hr': '20',
 'selected_min': '04',
 'state': 'running'}
20
20
set go
{'chat_id': '-368373418',
 'date': '2019-09-06',
 'desc': 'Аня, привет! Как дела сегодня? Распиши пожалуйста то, что важное '
         'произошло и что ты сделала сегодня?',
 'end_date': '2020-08-31',
 'frequency': 'busy_days',
 'id': '8',
 'selected_hr': '20',
 'selected_min': '03',
 'state': 'running'}
20
09
set go
{'chat_id': '-227677249',
 'date': '2019-09-10',
 'desc': 'Доброе утро! 🌞 \n\nНе забудь прислать фото, когда придёшь на работу)',
 'end_date': '2020-07-31',
 'frequency': 'each_days',
 'id': '10',
 'selected_hr': '09',
 'selected_min': '45',
 'state': 'running'}
09
13
set go
{'chat_id': '-386406721',
 'date': '2019-09-09',
 'desc': 'Привет! Как дела? Наша машина работает?',
 'end_date': '2020-07-31',
 'frequency': 'each_days',
 'id': '11',
 'selected_hr': '13',
 'selected_min': '10',
 'state': 'running'}
13
23
set go
{'chat_id': '-364356139',
 'date': '2019-09-14',
 'desc': 'Привет! Ты сколько сегодня отжался?) \n'
         '\n'
         'Минимум 50 раз. Не подведи меня!',
 'end_date': '2020-04-30',
 'frequency': 'each_days',
 'id': '13',
 'selected_hr': '23',
 'selected_min': '40',
 'state': 'running'}
23
13
set go
{'chat_id': '-351684504',
 'date': '2019-09-20',
 'desc': 'Сейчас последний шанс скинуть бабосы за квартиру Антону!',
 'end_date': '2020-02-29',
 'frequency': 'custom_days',
 'id': '14',
 'selected_days': ['20'],
 'selected_hr': '13',
 'selected_min': '00',
 'state': 'running'}
13
13
set go
{'chat_id': '-351684504',
 'date': '2019-09-20',
 'desc': 'Парни, бабки в кассу за квартиру несите)) уже 18 число.',
 'end_date': '2020-02-29',
 'frequency': 'custom_days',
 'id': '15',
 'selected_days': ['18'],
 'selected_hr': '13',
 'selected_min': '00',
 'state': 'running'}
13
scheduling
dict_keys(['924727275', '877449221', '906256479', '765923564', '862615750'])
here!
received token: 416332215:AAH_tP3JecFCKS23bZ-sicVcBcffrLyRuBM
{'924727275': <telegram.bot.Bot object at 0x7f5d0a2ca8d0>, '877449221': <telegram.bot.Bot object at 0x7f5d08257400>, '906256479': <telegram.bot.Bot object at 0x7f5d08271fd0>, '765923564': <telegram.bot.Bot object at 0x7f5d08258128>, '862615750': <telegram.bot.Bot object at 0x7f5d08251f28>} 416332215:AAH_tP3JecFCKS23bZ-sicVcBcffrLyRuBM
14
set go
{'chat_id': '-334850572',
 'date': '2019-12-29',
 'desc': 'sjsj',
 'end_date': '2019-09-28',
 'frequency': 'custom_week_days',
 'id': '0',
 'selected_hr': '14',
 'selected_min': '20',
 'selected_week': ['we_week', 'fr_week', 'sa_week', 'su_week'],
 'state': 'running'}
14
scheduling
dict_keys(['924727275', '877449221', '906256479', '765923564', '862615750', '416332215'])
here!
received token: 913428277:AAHyvniRFOMd1LTj4Mx6CM6biLBKy11UTls
{'924727275': <telegram.bot.Bot object at 0x7f5d0a2ca8d0>, '877449221': <telegram.bot.Bot object at 0x7f5d08257400>, '906256479': <telegram.bot.Bot object at 0x7f5d08271fd0>, '765923564': <telegram.bot.Bot object at 0x7f5d08258128>, '862615750': <telegram.bot.Bot object at 0x7f5d08251f28>, '416332215': <telegram.bot.Bot object at 0x7f5d08233f28>} 913428277:AAHyvniRFOMd1LTj4Mx6CM6biLBKy11UTls
scheduling
dict_keys(['924727275', '877449221', '906256479', '765923564', '862615750', '416332215', '913428277'])
here!
received token: 712777414:AAEziVUD-YMjp4fjpfoOhEqgqW92xKtywXs
{'924727275': <telegram.bot.Bot object at 0x7f5d0a2ca8d0>, '877449221': <telegram.bot.Bot object at 0x7f5d08257400>, '906256479': <telegram.bot.Bot object at 0x7f5d08271fd0>, '765923564': <telegram.bot.Bot object at 0x7f5d08258128>, '862615750': <telegram.bot.Bot object at 0x7f5d08251f28>, '416332215': <telegram.bot.Bot object at 0x7f5d08233f28>, '913428277': <telegram.bot.Bot object at 0x7f5d08210eb8>} 712777414:AAEziVUD-YMjp4fjpfoOhEqgqW92xKtywXs
09
set go
{'chat_id': '-363684150',
 'date': '2019-09-09',
 'desc': 'Доброе утро. ☀️ Ждём Ваши фоточки.',
 'end_date': '2019-12-31',
 'frequency': 'three_days',
 'id': '1',
 'selected_hr': '09',
 'selected_min': '00',
 'state': 'running'}
09
09
set go
{'chat_id': '-363684150',
 'date': '2019-09-10',
 'desc': 'Привет. Пришлите фото как придёте на работу 🦔',
 'end_date': '2019-12-31',
 'frequency': 'three_days',
 'id': '2',
 'selected_hr': '09',
 'selected_min': '00',
 'state': 'running'}
09
09
set go
{'chat_id': '-363684150',
 'date': '2019-09-11',
 'desc': 'Ежики, добрейшего утречка 😊 Не забудьте прислать фото, что вы на '
         'месте)',
 'end_date': '2019-12-31',
 'frequency': 'three_days',
 'id': '3',
 'selected_hr': '09',
 'selected_min': '00',
 'state': 'running'}
09
18
set go
{'chat_id': '-363684150',
 'date': '2019-09-08',
 'desc': 'Включите наружную рекламу.\nКак включите, поставьте в чат +',
 'end_date': '2020-01-31',
 'frequency': 'each_days',
 'id': '4',
 'selected_hr': '18',
 'selected_min': '00',
 'state': 'running'}
18
23
set go
{'chat_id': '-371469988',
 'date': '2019-09-17',
 'desc': 'Привет, чем мы сегодня стали лучше чем вчера?)',
 'end_date': '2019-12-31',
 'frequency': 'custom_week_days',
 'id': '5',
 'selected_hr': '23',
 'selected_min': '00',
 'selected_week': ['tu_week', 'sa_week'],
 'state': 'running'}
23
23
set go
{'chat_id': '-371469988',
 'date': '2019-09-18',
 'desc': 'Добрый вечер. Алтынгуль, что мы сегодня сделали? Чем больше цифр в '
         'отчёте, тем лучше)',
 'end_date': '2019-12-31',
 'frequency': 'custom_week_days',
 'id': '6',
 'selected_hr': '23',
 'selected_min': '00',
 'selected_week': ['su_week', 'we_week'],
 'state': 'running'}
23
23
set go
{'chat_id': '-371469988',
 'date': '2019-09-19',
 'desc': 'Здравствуй) Как твой день?',
 'end_date': '2019-12-31',
 'frequency': 'custom_week_days',
 'id': '7',
 'selected_hr': '23',
 'selected_min': '00',
 'selected_week': ['mo_week', 'th_week', 'fr_week'],
 'state': 'running'}
23
22
set go
{'chat_id': '-363684150',
 'date': '2019-09-19',
 'desc': 'Ребят, скиньте отчёт за день.',
 'end_date': '2020-01-31',
 'frequency': 'each_days',
 'id': '8',
 'selected_hr': '22',
 'selected_min': '00',
 'state': 'running'}
22
23
set go
{'chat_id': '-292035496',
 'date': '2019-09-23',
 'desc': 'Привет, дай отчет по сегодняшнему дню. Что мы сделали и что в '
         'ближайшее нужно будет сделать.',
 'end_date': '2020-01-31',
 'frequency': 'each_days',
 'id': '9',
 'selected_hr': '23',
 'selected_min': '00',
 'state': 'running'}
23
11
set go
{'chat_id': '-398358989',
 'date': '2019-09-21',
 'desc': 'Ну рассказывай',
 'end_date': '2019-09-30',
 'frequency': 'seven_days',
 'id': '10',
 'selected_hr': '11',
 'selected_min': '08',
 'state': 'running'}
11
11
set go
{'chat_id': '-398358989',
 'date': '2019-09-21',
 'desc': 'Отлично',
 'end_date': '2019-09-30',
 'frequency': 'each_days',
 'id': '11',
 'selected_hr': '11',
 'selected_min': '15',
 'state': 'running'}
11
scheduling
dict_keys(['924727275', '877449221', '906256479', '765923564', '862615750', '416332215', '913428277', '712777414'])
here!
received token: 969092293:AAHQXBvxNglGILHbgTl5zSHznoX-62X0wV8
{'924727275': <telegram.bot.Bot object at 0x7f5d0a2ca8d0>, '877449221': <telegram.bot.Bot object at 0x7f5d08257400>, '906256479': <telegram.bot.Bot object at 0x7f5d08271fd0>, '765923564': <telegram.bot.Bot object at 0x7f5d08258128>, '862615750': <telegram.bot.Bot object at 0x7f5d08251f28>, '416332215': <telegram.bot.Bot object at 0x7f5d08233f28>, '913428277': <telegram.bot.Bot object at 0x7f5d08210eb8>, '712777414': <telegram.bot.Bot object at 0x7f5d081e5f60>} 969092293:AAHQXBvxNglGILHbgTl5zSHznoX-62X0wV8
16
set go
{'chat_id': '-360108239',
 'date': '2019-09-09',
 'desc': 'Как дела? что нового? есть прогресс? 😇',
 'end_date': '2020-01-31',
 'frequency': 'custom_week_days',
 'id': '0',
 'selected_hr': '16',
 'selected_min': '00',
 'selected_week': ['mo_week', 'th_week'],
 'state': 'running'}
16
scheduling
dict_keys(['924727275', '877449221', '906256479', '765923564', '862615750', '416332215', '913428277', '712777414', '969092293'])
here!
received token: 687692025:AAGBXGc_AmnQbZTQ4yILJVwZFZPXm4gjmJs
{'924727275': <telegram.bot.Bot object at 0x7f5d0a2ca8d0>, '877449221': <telegram.bot.Bot object at 0x7f5d08257400>, '906256479': <telegram.bot.Bot object at 0x7f5d08271fd0>, '765923564': <telegram.bot.Bot object at 0x7f5d08258128>, '862615750': <telegram.bot.Bot object at 0x7f5d08251f28>, '416332215': <telegram.bot.Bot object at 0x7f5d08233f28>, '913428277': <telegram.bot.Bot object at 0x7f5d08210eb8>, '712777414': <telegram.bot.Bot object at 0x7f5d081e5f60>, '969092293': <telegram.bot.Bot object at 0x7f5d081fb588>} 687692025:AAGBXGc_AmnQbZTQ4yILJVwZFZPXm4gjmJs
11
set go
{'chat_id': '-368001757',
 'date': '2019-09-08',
 'desc': 'Гоша и Лёша, до 11 числа нам нужно загрузить 100 товаров!!!\n'
         'Все они должный пройти модерацию!!!\n'
         'Если этого не будет, бабок не будет!\n'
         'Сегодня нужно сделать следующее:\n'
         '- выложить минимум 20 товаров (без отмазок)\n'
         '- контролировать поставку! (Это для меня)\n'
         '- выбрать хорошие товары! (Это для нас)',
 'end_date': '2019-09-14',
 'frequency': 'each_days',
 'id': '6',
 'selected_hr': '11',
 'selected_min': '30',
 'state': 'running'}
11
15
set go
{'chat_id': '-368001757',
 'date': '2019-09-08',
 'desc': 'Нам нужно выложить20 товаров МИНИМУМ!\n'
         'Иначе не будет даже 300К\n'
         'Сколько за сегодня выложено товаров?',
 'end_date': '2019-09-16',
 'frequency': 'each_days',
 'id': '7',
 'selected_hr': '15',
 'selected_min': '00',
 'state': 'running'}
15
19
set go
{'chat_id': '-368001757',
 'date': '2019-09-08',
 'desc': 'Сколько за сегодня товаров выложено?\n'
         '\n'
         'Ответь свайпом, у меня интеграция с гугл таблицей',
 'end_date': '2019-09-16',
 'frequency': 'each_days',
 'id': '8',
 'selected_hr': '19',
 'selected_min': '00',
 'state': 'running'}
19
19
set go
{'chat_id': '-368001757',
 'date': '2019-09-08',
 'desc': 'После того как будет выложено нужное кол-во товаров, проверь те, что '
         'на модерации',
 'end_date': '2019-09-16',
 'frequency': 'each_days',
 'id': '9',
 'selected_hr': '19',
 'selected_min': '20',
 'state': 'running'}
19
scheduling
dict_keys(['924727275', '877449221', '906256479', '765923564', '862615750', '416332215', '913428277', '712777414', '969092293', '687692025'])
here!
received token: 963028398:AAGbK5DWsGe9ta1cW6HjIiHxlvQn-BjI-Oo
{'924727275': <telegram.bot.Bot object at 0x7f5d0a2ca8d0>, '877449221': <telegram.bot.Bot object at 0x7f5d08257400>, '906256479': <telegram.bot.Bot object at 0x7f5d08271fd0>, '765923564': <telegram.bot.Bot object at 0x7f5d08258128>, '862615750': <telegram.bot.Bot object at 0x7f5d08251f28>, '416332215': <telegram.bot.Bot object at 0x7f5d08233f28>, '913428277': <telegram.bot.Bot object at 0x7f5d08210eb8>, '712777414': <telegram.bot.Bot object at 0x7f5d081e5f60>, '969092293': <telegram.bot.Bot object at 0x7f5d081fb588>, '687692025': <telegram.bot.Bot object at 0x7f5d081e7eb8>} 963028398:AAGbK5DWsGe9ta1cW6HjIiHxlvQn-BjI-Oo
Unauthorized
dict_keys(['924727275', '877449221', '906256479', '765923564', '862615750', '416332215', '913428277', '712777414', '969092293', '687692025'])
here!
received token: 383043558:AAEae_xzN493t4jeouO3Ty9tRuNuiJx3rew
{'924727275': <telegram.bot.Bot object at 0x7f5d0a2ca8d0>, '877449221': <telegram.bot.Bot object at 0x7f5d08257400>, '906256479': <telegram.bot.Bot object at 0x7f5d08271fd0>, '765923564': <telegram.bot.Bot object at 0x7f5d08258128>, '862615750': <telegram.bot.Bot object at 0x7f5d08251f28>, '416332215': <telegram.bot.Bot object at 0x7f5d08233f28>, '913428277': <telegram.bot.Bot object at 0x7f5d08210eb8>, '712777414': <telegram.bot.Bot object at 0x7f5d081e5f60>, '969092293': <telegram.bot.Bot object at 0x7f5d081fb588>, '687692025': <telegram.bot.Bot object at 0x7f5d081e7eb8>} 383043558:AAEae_xzN493t4jeouO3Ty9tRuNuiJx3rew
scheduling
dict_keys(['924727275', '877449221', '906256479', '765923564', '862615750', '416332215', '913428277', '712777414', '969092293', '687692025', '383043558'])
here!
received token: 892530087:AAHYbqruU1Cp8hpnHM3p4zVyBtFoty0EkyY
{'924727275': <telegram.bot.Bot object at 0x7f5d0a2ca8d0>, '877449221': <telegram.bot.Bot object at 0x7f5d08257400>, '906256479': <telegram.bot.Bot object at 0x7f5d08271fd0>, '765923564': <telegram.bot.Bot object at 0x7f5d08258128>, '862615750': <telegram.bot.Bot object at 0x7f5d08251f28>, '416332215': <telegram.bot.Bot object at 0x7f5d08233f28>, '913428277': <telegram.bot.Bot object at 0x7f5d08210eb8>, '712777414': <telegram.bot.Bot object at 0x7f5d081e5f60>, '969092293': <telegram.bot.Bot object at 0x7f5d081fb588>, '687692025': <telegram.bot.Bot object at 0x7f5d081e7eb8>, '383043558': <telegram.bot.Bot object at 0x7f5d081a0c88>} 892530087:AAHYbqruU1Cp8hpnHM3p4zVyBtFoty0EkyY
scheduling
dict_keys(['924727275', '877449221', '906256479', '765923564', '862615750', '416332215', '913428277', '712777414', '969092293', '687692025', '383043558', '892530087'])
here!
received token: 947784987:AAGfL0aSqT9vn4wqYbU03A7xPBp15GZOkRo
{'924727275': <telegram.bot.Bot object at 0x7f5d0a2ca8d0>, '877449221': <telegram.bot.Bot object at 0x7f5d08257400>, '906256479': <telegram.bot.Bot object at 0x7f5d08271fd0>, '765923564': <telegram.bot.Bot object at 0x7f5d08258128>, '862615750': <telegram.bot.Bot object at 0x7f5d08251f28>, '416332215': <telegram.bot.Bot object at 0x7f5d08233f28>, '913428277': <telegram.bot.Bot object at 0x7f5d08210eb8>, '712777414': <telegram.bot.Bot object at 0x7f5d081e5f60>, '969092293': <telegram.bot.Bot object at 0x7f5d081fb588>, '687692025': <telegram.bot.Bot object at 0x7f5d081e7eb8>, '383043558': <telegram.bot.Bot object at 0x7f5d081a0c88>, '892530087': <telegram.bot.Bot object at 0x7f5d0818a320>} 947784987:AAGfL0aSqT9vn4wqYbU03A7xPBp15GZOkRo
scheduling
dict_keys(['924727275', '877449221', '906256479', '765923564', '862615750', '416332215', '913428277', '712777414', '969092293', '687692025', '383043558', '892530087', '947784987'])
here!
received token: 959101265:AAHSvzBgePYt1ZxlwGjacXBr-bgmpBoPSVg
{'924727275': <telegram.bot.Bot object at 0x7f5d0a2ca8d0>, '877449221': <telegram.bot.Bot object at 0x7f5d08257400>, '906256479': <telegram.bot.Bot object at 0x7f5d08271fd0>, '765923564': <telegram.bot.Bot object at 0x7f5d08258128>, '862615750': <telegram.bot.Bot object at 0x7f5d08251f28>, '416332215': <telegram.bot.Bot object at 0x7f5d08233f28>, '913428277': <telegram.bot.Bot object at 0x7f5d08210eb8>, '712777414': <telegram.bot.Bot object at 0x7f5d081e5f60>, '969092293': <telegram.bot.Bot object at 0x7f5d081fb588>, '687692025': <telegram.bot.Bot object at 0x7f5d081e7eb8>, '383043558': <telegram.bot.Bot object at 0x7f5d081a0c88>, '892530087': <telegram.bot.Bot object at 0x7f5d0818a320>, '947784987': <telegram.bot.Bot object at 0x7f5d080b17f0>} 959101265:AAHSvzBgePYt1ZxlwGjacXBr-bgmpBoPSVg
scheduling
dict_keys(['924727275', '877449221', '906256479', '765923564', '862615750', '416332215', '913428277', '712777414', '969092293', '687692025', '383043558', '892530087', '947784987', '959101265'])
here!
received token: 866382576:AAFm6_vHFuhYEwdrgHWa4r2G1HS5e215L44
{'924727275': <telegram.bot.Bot object at 0x7f5d0a2ca8d0>, '877449221': <telegram.bot.Bot object at 0x7f5d08257400>, '906256479': <telegram.bot.Bot object at 0x7f5d08271fd0>, '765923564': <telegram.bot.Bot object at 0x7f5d08258128>, '862615750': <telegram.bot.Bot object at 0x7f5d08251f28>, '416332215': <telegram.bot.Bot object at 0x7f5d08233f28>, '913428277': <telegram.bot.Bot object at 0x7f5d08210eb8>, '712777414': <telegram.bot.Bot object at 0x7f5d081e5f60>, '969092293': <telegram.bot.Bot object at 0x7f5d081fb588>, '687692025': <telegram.bot.Bot object at 0x7f5d081e7eb8>, '383043558': <telegram.bot.Bot object at 0x7f5d081a0c88>, '892530087': <telegram.bot.Bot object at 0x7f5d0818a320>, '947784987': <telegram.bot.Bot object at 0x7f5d080b17f0>, '959101265': <telegram.bot.Bot object at 0x7f5d080bcba8>} 866382576:AAFm6_vHFuhYEwdrgHWa4r2G1HS5e215L44
scheduling
dict_keys(['924727275', '877449221', '906256479', '765923564', '862615750', '416332215', '913428277', '712777414', '969092293', '687692025', '383043558', '892530087', '947784987', '959101265', '866382576'])
here!
received token: 735843391:AAGysIPXMYKxgErFtmSCe4iIlvSblBXsOms
{'924727275': <telegram.bot.Bot object at 0x7f5d0a2ca8d0>, '877449221': <telegram.bot.Bot object at 0x7f5d08257400>, '906256479': <telegram.bot.Bot object at 0x7f5d08271fd0>, '765923564': <telegram.bot.Bot object at 0x7f5d08258128>, '862615750': <telegram.bot.Bot object at 0x7f5d08251f28>, '416332215': <telegram.bot.Bot object at 0x7f5d08233f28>, '913428277': <telegram.bot.Bot object at 0x7f5d08210eb8>, '712777414': <telegram.bot.Bot object at 0x7f5d081e5f60>, '969092293': <telegram.bot.Bot object at 0x7f5d081fb588>, '687692025': <telegram.bot.Bot object at 0x7f5d081e7eb8>, '383043558': <telegram.bot.Bot object at 0x7f5d081a0c88>, '892530087': <telegram.bot.Bot object at 0x7f5d0818a320>, '947784987': <telegram.bot.Bot object at 0x7f5d080b17f0>, '959101265': <telegram.bot.Bot object at 0x7f5d080bcba8>, '866382576': <telegram.bot.Bot object at 0x7f5d080d2da0>} 735843391:AAGysIPXMYKxgErFtmSCe4iIlvSblBXsOms
scheduling
dict_keys(['924727275', '877449221', '906256479', '765923564', '862615750', '416332215', '913428277', '712777414', '969092293', '687692025', '383043558', '892530087', '947784987', '959101265', '866382576', '735843391'])
here!
received token: 933291977:AAFiHLgk32YxagWhC88S3-1pu8BEJlxzgkk
{'924727275': <telegram.bot.Bot object at 0x7f5d0a2ca8d0>, '877449221': <telegram.bot.Bot object at 0x7f5d08257400>, '906256479': <telegram.bot.Bot object at 0x7f5d08271fd0>, '765923564': <telegram.bot.Bot object at 0x7f5d08258128>, '862615750': <telegram.bot.Bot object at 0x7f5d08251f28>, '416332215': <telegram.bot.Bot object at 0x7f5d08233f28>, '913428277': <telegram.bot.Bot object at 0x7f5d08210eb8>, '712777414': <telegram.bot.Bot object at 0x7f5d081e5f60>, '969092293': <telegram.bot.Bot object at 0x7f5d081fb588>, '687692025': <telegram.bot.Bot object at 0x7f5d081e7eb8>, '383043558': <telegram.bot.Bot object at 0x7f5d081a0c88>, '892530087': <telegram.bot.Bot object at 0x7f5d0818a320>, '947784987': <telegram.bot.Bot object at 0x7f5d080b17f0>, '959101265': <telegram.bot.Bot object at 0x7f5d080bcba8>, '866382576': <telegram.bot.Bot object at 0x7f5d080d2da0>, '735843391': <telegram.bot.Bot object at 0x7f5d080c8e80>} 933291977:AAFiHLgk32YxagWhC88S3-1pu8BEJlxzgkk
23
set go
{'chat_id': '-393262721',
 'date': '2019-09-09',
 'desc': 'Привет. \n'
         '1. Какая польза сегодня стала результатом дня?\n'
         '2.В чем ее можно оценить? \n'
         '3.Чему ты научилась? \n'
         '4.Что тебя порадовало?\n'
         '5.Чем ты порадовала меня?',
 'end_date': '2020-04-30',
 'frequency': 'each_days',
 'id': '0',
 'selected_hr': '23',
 'selected_min': '00',
 'state': 'running'}
23
scheduling
dict_keys(['924727275', '877449221', '906256479', '765923564', '862615750', '416332215', '913428277', '712777414', '969092293', '687692025', '383043558', '892530087', '947784987', '959101265', '866382576', '735843391', '933291977'])
here!
received token: 833550115:AAEARAZ3u9Zr4zNRQEnB1j1cPrv6D1txJRA
{'924727275': <telegram.bot.Bot object at 0x7f5d0a2ca8d0>, '877449221': <telegram.bot.Bot object at 0x7f5d08257400>, '906256479': <telegram.bot.Bot object at 0x7f5d08271fd0>, '765923564': <telegram.bot.Bot object at 0x7f5d08258128>, '862615750': <telegram.bot.Bot object at 0x7f5d08251f28>, '416332215': <telegram.bot.Bot object at 0x7f5d08233f28>, '913428277': <telegram.bot.Bot object at 0x7f5d08210eb8>, '712777414': <telegram.bot.Bot object at 0x7f5d081e5f60>, '969092293': <telegram.bot.Bot object at 0x7f5d081fb588>, '687692025': <telegram.bot.Bot object at 0x7f5d081e7eb8>, '383043558': <telegram.bot.Bot object at 0x7f5d081a0c88>, '892530087': <telegram.bot.Bot object at 0x7f5d0818a320>, '947784987': <telegram.bot.Bot object at 0x7f5d080b17f0>, '959101265': <telegram.bot.Bot object at 0x7f5d080bcba8>, '866382576': <telegram.bot.Bot object at 0x7f5d080d2da0>, '735843391': <telegram.bot.Bot object at 0x7f5d080c8e80>, '933291977': <telegram.bot.Bot object at 0x7f5d080e3eb8>} 833550115:AAEARAZ3u9Zr4zNRQEnB1j1cPrv6D1txJRA
scheduling
dict_keys(['924727275', '877449221', '906256479', '765923564', '862615750', '416332215', '913428277', '712777414', '969092293', '687692025', '383043558', '892530087', '947784987', '959101265', '866382576', '735843391', '933291977', '833550115'])
here!
received token: 924746105:AAFWh6dhG5aJiuOc5HNTpjDMWfp-bfxrmBU
{'924727275': <telegram.bot.Bot object at 0x7f5d0a2ca8d0>, '877449221': <telegram.bot.Bot object at 0x7f5d08257400>, '906256479': <telegram.bot.Bot object at 0x7f5d08271fd0>, '765923564': <telegram.bot.Bot object at 0x7f5d08258128>, '862615750': <telegram.bot.Bot object at 0x7f5d08251f28>, '416332215': <telegram.bot.Bot object at 0x7f5d08233f28>, '913428277': <telegram.bot.Bot object at 0x7f5d08210eb8>, '712777414': <telegram.bot.Bot object at 0x7f5d081e5f60>, '969092293': <telegram.bot.Bot object at 0x7f5d081fb588>, '687692025': <telegram.bot.Bot object at 0x7f5d081e7eb8>, '383043558': <telegram.bot.Bot object at 0x7f5d081a0c88>, '892530087': <telegram.bot.Bot object at 0x7f5d0818a320>, '947784987': <telegram.bot.Bot object at 0x7f5d080b17f0>, '959101265': <telegram.bot.Bot object at 0x7f5d080bcba8>, '866382576': <telegram.bot.Bot object at 0x7f5d080d2da0>, '735843391': <telegram.bot.Bot object at 0x7f5d080c8e80>, '933291977': <telegram.bot.Bot object at 0x7f5d080e3eb8>, '833550115': <telegram.bot.Bot object at 0x7f5d0807aeb8>} 924746105:AAFWh6dhG5aJiuOc5HNTpjDMWfp-bfxrmBU
scheduling
dict_keys(['924727275', '877449221', '906256479', '765923564', '862615750', '416332215', '913428277', '712777414', '969092293', '687692025', '383043558', '892530087', '947784987', '959101265', '866382576', '735843391', '933291977', '833550115', '924746105'])
here!
received token: 932531119:AAGTM2QmByD1deofTP4DrkXQeLVrstF31ek
{'924727275': <telegram.bot.Bot object at 0x7f5d0a2ca8d0>, '877449221': <telegram.bot.Bot object at 0x7f5d08257400>, '906256479': <telegram.bot.Bot object at 0x7f5d08271fd0>, '765923564': <telegram.bot.Bot object at 0x7f5d08258128>, '862615750': <telegram.bot.Bot object at 0x7f5d08251f28>, '416332215': <telegram.bot.Bot object at 0x7f5d08233f28>, '913428277': <telegram.bot.Bot object at 0x7f5d08210eb8>, '712777414': <telegram.bot.Bot object at 0x7f5d081e5f60>, '969092293': <telegram.bot.Bot object at 0x7f5d081fb588>, '687692025': <telegram.bot.Bot object at 0x7f5d081e7eb8>, '383043558': <telegram.bot.Bot object at 0x7f5d081a0c88>, '892530087': <telegram.bot.Bot object at 0x7f5d0818a320>, '947784987': <telegram.bot.Bot object at 0x7f5d080b17f0>, '959101265': <telegram.bot.Bot object at 0x7f5d080bcba8>, '866382576': <telegram.bot.Bot object at 0x7f5d080d2da0>, '735843391': <telegram.bot.Bot object at 0x7f5d080c8e80>, '933291977': <telegram.bot.Bot object at 0x7f5d080e3eb8>, '833550115': <telegram.bot.Bot object at 0x7f5d0807aeb8>, '924746105': <telegram.bot.Bot object at 0x7f5d08089f28>} 932531119:AAGTM2QmByD1deofTP4DrkXQeLVrstF31ek
08
set go
{'chat_id': '-224206059',
 'date': '2019-09-11',
 'desc': 'ПИС топ',
 'end_date': '2019-09-20',
 'frequency': 'each_days',
 'id': '0',
 'selected_hr': '08',
 'selected_min': '56',
 'state': 'running'}
08
07
set go
{'chat_id': '-224206059',
 'date': '2019-09-23',
 'desc': 'ПИС пипис',
 'end_date': '2019-09-30',
 'frequency': 'each_days',
 'id': '1',
 'selected_hr': '07',
 'selected_min': '17',
 'state': 'running'}
07
scheduling
dict_keys(['924727275', '877449221', '906256479', '765923564', '862615750', '416332215', '913428277', '712777414', '969092293', '687692025', '383043558', '892530087', '947784987', '959101265', '866382576', '735843391', '933291977', '833550115', '924746105', '932531119'])
here!
received token: 933766402:AAG9TsmO_9-aHvMr3tW8yAFL7HHmYoZRm3Y
{'924727275': <telegram.bot.Bot object at 0x7f5d0a2ca8d0>, '877449221': <telegram.bot.Bot object at 0x7f5d08257400>, '906256479': <telegram.bot.Bot object at 0x7f5d08271fd0>, '765923564': <telegram.bot.Bot object at 0x7f5d08258128>, '862615750': <telegram.bot.Bot object at 0x7f5d08251f28>, '416332215': <telegram.bot.Bot object at 0x7f5d08233f28>, '913428277': <telegram.bot.Bot object at 0x7f5d08210eb8>, '712777414': <telegram.bot.Bot object at 0x7f5d081e5f60>, '969092293': <telegram.bot.Bot object at 0x7f5d081fb588>, '687692025': <telegram.bot.Bot object at 0x7f5d081e7eb8>, '383043558': <telegram.bot.Bot object at 0x7f5d081a0c88>, '892530087': <telegram.bot.Bot object at 0x7f5d0818a320>, '947784987': <telegram.bot.Bot object at 0x7f5d080b17f0>, '959101265': <telegram.bot.Bot object at 0x7f5d080bcba8>, '866382576': <telegram.bot.Bot object at 0x7f5d080d2da0>, '735843391': <telegram.bot.Bot object at 0x7f5d080c8e80>, '933291977': <telegram.bot.Bot object at 0x7f5d080e3eb8>, '833550115': <telegram.bot.Bot object at 0x7f5d0807aeb8>, '924746105': <telegram.bot.Bot object at 0x7f5d08089f28>, '932531119': <telegram.bot.Bot object at 0x7f5d080cfba8>} 933766402:AAG9TsmO_9-aHvMr3tW8yAFL7HHmYoZRm3Y
12
set go
{'chat_id': '-244316242',
 'date': '2019-10-03',
 'desc': '5 числа каждого месяца оплата аренды\n'
         '3 числа каждого месяца отчет Альфакселератор \n'
         'Отчет Антону по расходам каждый месяц',
 'end_date': '2020-02-29',
 'frequency': 'custom_days',
 'id': '0',
 'selected_days': ['3'],
 'selected_hr': '12',
 'selected_min': '00',
 'state': 'running'}
12
01
set go
{'chat_id': '-368373418',
 'date': '2019-10-01',
 'desc': 'Антон!\nСколько нужно налички в этом месяце?☺️\nНапиши сумму',
 'end_date': '2020-01-31',
 'frequency': 'custom_days',
 'id': '1',
 'selected_days': ['1', '28'],
 'selected_hr': '01',
 'selected_min': '00',
 'state': 'running'}
01
16
set go
{'chat_id': '-368373418',
 'date': '2019-10-01',
 'desc': 'Антон!\nСделай пожалуйста счета и акты для БАБАЕВСКОГО!❤️😌',
 'end_date': '2020-03-31',
 'frequency': 'custom_days',
 'id': '2',
 'selected_days': ['8'],
 'selected_hr': '16',
 'selected_min': '00',
 'state': 'running'}
16
11
set go
{'chat_id': '-345999604',
 'date': '2019-09-20',
 'desc': 'Добрый день! \nМы готовы сегодня выйти на онлайн связь.',
 'end_date': '2019-12-01',
 'frequency': 'custom_week_days',
 'id': '3',
 'selected_hr': '11',
 'selected_min': '30',
 'selected_week': ['we_week', 'sa_week'],
 'state': 'running'}
11
20
set go
{'chat_id': '-345999604',
 'date': '2019-09-21',
 'desc': 'Антон, Аня!  \n'
         'Какие задачи сделали сегодня по ТА? \n'
         'Что будете делать завтра?',
 'end_date': '2019-12-01',
 'frequency': 'custom_week_days',
 'id': '4',
 'selected_hr': '20',
 'selected_min': '00',
 'selected_week': ['mo_week',
                   'tu_week',
                   'th_week',
                   'fr_week',
                   'we_week',
                   'sa_week',
                   'su_week'],
 'state': 'running'}
20
scheduling
dict_keys(['924727275', '877449221', '906256479', '765923564', '862615750', '416332215', '913428277', '712777414', '969092293', '687692025', '383043558', '892530087', '947784987', '959101265', '866382576', '735843391', '933291977', '833550115', '924746105', '932531119', '933766402'])
here!
received token: 917640569:AAEi7S0tV5vE1hw57UjdqJFsYqwFRD3dKI0
{'924727275': <telegram.bot.Bot object at 0x7f5d0a2ca8d0>, '877449221': <telegram.bot.Bot object at 0x7f5d08257400>, '906256479': <telegram.bot.Bot object at 0x7f5d08271fd0>, '765923564': <telegram.bot.Bot object at 0x7f5d08258128>, '862615750': <telegram.bot.Bot object at 0x7f5d08251f28>, '416332215': <telegram.bot.Bot object at 0x7f5d08233f28>, '913428277': <telegram.bot.Bot object at 0x7f5d08210eb8>, '712777414': <telegram.bot.Bot object at 0x7f5d081e5f60>, '969092293': <telegram.bot.Bot object at 0x7f5d081fb588>, '687692025': <telegram.bot.Bot object at 0x7f5d081e7eb8>, '383043558': <telegram.bot.Bot object at 0x7f5d081a0c88>, '892530087': <telegram.bot.Bot object at 0x7f5d0818a320>, '947784987': <telegram.bot.Bot object at 0x7f5d080b17f0>, '959101265': <telegram.bot.Bot object at 0x7f5d080bcba8>, '866382576': <telegram.bot.Bot object at 0x7f5d080d2da0>, '735843391': <telegram.bot.Bot object at 0x7f5d080c8e80>, '933291977': <telegram.bot.Bot object at 0x7f5d080e3eb8>, '833550115': <telegram.bot.Bot object at 0x7f5d0807aeb8>, '924746105': <telegram.bot.Bot object at 0x7f5d08089f28>, '932531119': <telegram.bot.Bot object at 0x7f5d080cfba8>, '933766402': <telegram.bot.Bot object at 0x7f5d080aaeb8>} 917640569:AAEi7S0tV5vE1hw57UjdqJFsYqwFRD3dKI0
10
set go
{'chat_id': '-388143890',
 'date': '2019-09-17',
 'desc': 'Привет.',
 'end_date': '2019-09-12',
 'frequency': 'each_days',
 'id': '3',
 'selected_hr': '10',
 'selected_min': '46',
 'state': 'running'}
10
scheduling
dict_keys(['924727275', '877449221', '906256479', '765923564', '862615750', '416332215', '913428277', '712777414', '969092293', '687692025', '383043558', '892530087', '947784987', '959101265', '866382576', '735843391', '933291977', '833550115', '924746105', '932531119', '933766402', '917640569'])
here!
received token: 934238976:AAED9r9JeGddbP-nWeikpoot_hP6txxPYDg
{'924727275': <telegram.bot.Bot object at 0x7f5d0a2ca8d0>, '877449221': <telegram.bot.Bot object at 0x7f5d08257400>, '906256479': <telegram.bot.Bot object at 0x7f5d08271fd0>, '765923564': <telegram.bot.Bot object at 0x7f5d08258128>, '862615750': <telegram.bot.Bot object at 0x7f5d08251f28>, '416332215': <telegram.bot.Bot object at 0x7f5d08233f28>, '913428277': <telegram.bot.Bot object at 0x7f5d08210eb8>, '712777414': <telegram.bot.Bot object at 0x7f5d081e5f60>, '969092293': <telegram.bot.Bot object at 0x7f5d081fb588>, '687692025': <telegram.bot.Bot object at 0x7f5d081e7eb8>, '383043558': <telegram.bot.Bot object at 0x7f5d081a0c88>, '892530087': <telegram.bot.Bot object at 0x7f5d0818a320>, '947784987': <telegram.bot.Bot object at 0x7f5d080b17f0>, '959101265': <telegram.bot.Bot object at 0x7f5d080bcba8>, '866382576': <telegram.bot.Bot object at 0x7f5d080d2da0>, '735843391': <telegram.bot.Bot object at 0x7f5d080c8e80>, '933291977': <telegram.bot.Bot object at 0x7f5d080e3eb8>, '833550115': <telegram.bot.Bot object at 0x7f5d0807aeb8>, '924746105': <telegram.bot.Bot object at 0x7f5d08089f28>, '932531119': <telegram.bot.Bot object at 0x7f5d080cfba8>, '933766402': <telegram.bot.Bot object at 0x7f5d080aaeb8>, '917640569': <telegram.bot.Bot object at 0x7f5d08033f98>} 934238976:AAED9r9JeGddbP-nWeikpoot_hP6txxPYDg
scheduling
dict_keys(['924727275', '877449221', '906256479', '765923564', '862615750', '416332215', '913428277', '712777414', '969092293', '687692025', '383043558', '892530087', '947784987', '959101265', '866382576', '735843391', '933291977', '833550115', '924746105', '932531119', '933766402', '917640569', '934238976'])
123432 658196407
1 dict_keys(['924727275', '877449221', '906256479', '765923564', '862615750', '416332215', '913428277', '712777414', '969092293', '687692025', '383043558', '892530087', '947784987', '959101265', '866382576', '735843391', '933291977', '833550115', '924746105', '932531119', '933766402', '917640569', '934238976', '658196407'])
loaded messages
'963028398'
Запросы, созданные пользователями 1
whatttt
2019-09-25 17:39:07.990555
2019-09-25 17:39:08.991910
2019-09-25 17:39:09.993031
2019-09-25 17:39:11.269399
2019-09-25 17:39:12.270850
2019-09-25 17:39:13.272260
2019-09-25 17:39:14.273666
2019-09-25 17:39:15.275104
2019-09-25 17:39:16.276536
2019-09-25 17:39:17.278025
2019-09-25 17:39:18.279488
2019-09-25 17:39:19.280854
2019-09-25 17:39:20.282227
2019-09-25 17:39:21.283544
2019-09-25 17:39:22.284423
2019-09-25 17:39:23.285360
2019-09-25 17:39:24.286150
2019-09-25 17:39:25.287026
2019-09-25 17:39:26.287895
2019-09-25 17:39:27.288712
2019-09-25 17:39:28.289559
2019-09-25 17:39:29.290383
2019-09-25 17:39:30.291271
2019-09-25 17:39:31.292231
2019-09-25 17:39:32.293096
2019-09-25 17:39:33.293944
2019-09-25 17:39:34.294901
2019-09-25 17:39:35.295840
2019-09-25 17:39:36.296774
2019-09-25 17:39:37.297776
2019-09-25 17:39:38.298607
2019-09-25 17:39:39.299508
2019-09-25 17:39:40.300397
2019-09-25 17:39:41.301312
2019-09-25 17:39:42.302250
2019-09-25 17:39:43.303033
2019-09-25 17:39:44.303822
2019-09-25 17:39:45.304695
2019-09-25 17:39:46.306715
2019-09-25 17:39:47.307995
2019-09-25 17:39:48.309314
2019-09-25 17:39:49.310736
2019-09-25 17:39:50.312136
2019-09-25 17:39:51.313577
2019-09-25 17:39:52.315021
2019-09-25 17:39:53.316384
2019-09-25 17:39:54.317745
2019-09-25 17:39:55.319106
2019-09-25 17:39:56.320565
2019-09-25 17:39:57.322032
2019-09-25 17:39:58.323399
2019-09-25 17:39:59.324818
2019-09-25 17:40:00.326272
2019-09-25 17:40:01.327706
2019-09-25 17:40:02.329142
2019-09-25 17:40:03.330618
2019-09-25 17:40:04.332055
2019-09-25 17:40:05.333474
2019-09-25 17:40:06.334856
2019-09-25 17:40:07.336209
2019-09-25 17:40:08.337573
Запросы, созданные пользователями 1
2019-09-25 17:40:10.173440
2019-09-25 17:40:11.174840
2019-09-25 17:40:12.513852
2019-09-25 17:40:13.515210
2019-09-25 17:40:14.516582
2019-09-25 17:40:15.517981
2019-09-25 17:40:16.519178
2019-09-25 17:40:17.520544
2019-09-25 17:40:18.521941
2019-09-25 17:40:19.523284
2019-09-25 17:40:20.524624
2019-09-25 17:40:21.526005
2019-09-25 17:40:22.527411
2019-09-25 17:40:23.528845
2019-09-25 17:40:24.530296
2019-09-25 17:40:25.531770
2019-09-25 17:40:26.532911
2019-09-25 17:40:27.534270
2019-09-25 17:40:28.535662
2019-09-25 17:40:29.537004
2019-09-25 17:40:30.538398
2019-09-25 17:40:31.539793
2019-09-25 17:40:32.541166
2019-09-25 17:40:33.542481
2019-09-25 17:40:34.543021
2019-09-25 17:40:35.544362
2019-09-25 17:40:36.545774
2019-09-25 17:40:37.547206
2019-09-25 17:40:38.548576
2019-09-25 17:40:39.549997
2019-09-25 17:40:40.551424
2019-09-25 17:40:41.552836
2019-09-25 17:40:42.554265
2019-09-25 17:40:43.555747
2019-09-25 17:40:44.556924
2019-09-25 17:40:45.557810
2019-09-25 17:40:46.558788
2019-09-25 17:40:47.559631
2019-09-25 17:40:48.560406
2019-09-25 17:40:49.561200
2019-09-25 17:40:50.562068
2019-09-25 17:40:51.562944
2019-09-25 17:40:52.563965
2019-09-25 17:40:53.565011
2019-09-25 17:40:54.565922
2019-09-25 17:40:55.566822
2019-09-25 17:40:56.567724
2019-09-25 17:40:57.568565
2019-09-25 17:40:58.569339
2019-09-25 17:40:59.570220
2019-09-25 17:41:00.571169
2019-09-25 17:41:01.572190
2019-09-25 17:41:02.573313
2019-09-25 17:41:03.574301
2019-09-25 17:41:04.575226
2019-09-25 17:41:05.576135
2019-09-25 17:41:06.577146
2019-09-25 17:41:07.578066
2019-09-25 17:41:08.578936
2019-09-25 17:41:09.579899
Запросы, созданные пользователями 1
2019-09-25 17:41:11.083592
2019-09-25 17:41:12.085041
2019-09-25 17:41:13.416534
2019-09-25 17:41:14.417984
2019-09-25 17:41:15.419459
2019-09-25 17:41:16.420923
2019-09-25 17:41:17.422363
2019-09-25 17:41:18.423777
2019-09-25 17:41:19.425172
2019-09-25 17:41:20.426559
2019-09-25 17:41:21.427992
2019-09-25 17:41:22.429494
2019-09-25 17:41:23.430936
2019-09-25 17:41:24.432378
2019-09-25 17:41:25.433819
2019-09-25 17:41:26.435258
2019-09-25 17:41:27.436743
2019-09-25 17:41:28.438243
2019-09-25 17:41:29.439705
2019-09-25 17:41:30.441152
2019-09-25 17:41:31.442629
2019-09-25 17:41:32.444084
2019-09-25 17:41:33.445533
2019-09-25 17:41:34.447010
2019-09-25 17:41:35.448437
2019-09-25 17:41:36.449837
2019-09-25 17:41:37.451211
2019-09-25 17:41:38.452559
2019-09-25 17:41:39.453939
2019-09-25 17:41:40.455373
2019-09-25 17:41:41.456785
2019-09-25 17:41:42.458207
2019-09-25 17:41:43.459537
2019-09-25 17:41:44.460891
2019-09-25 17:41:45.462277
2019-09-25 17:41:46.463660
2019-09-25 17:41:47.465023
2019-09-25 17:41:48.466399
2019-09-25 17:41:49.467714
2019-09-25 17:41:50.469120
2019-09-25 17:41:51.470475
2019-09-25 17:41:52.471896
2019-09-25 17:41:53.473280
2019-09-25 17:41:54.474744
2019-09-25 17:41:55.476148
2019-09-25 17:41:56.477547
2019-09-25 17:41:57.478960
2019-09-25 17:41:58.480402
2019-09-25 17:41:59.481850
2019-09-25 17:42:00.483274
2019-09-25 17:42:01.484671
2019-09-25 17:42:02.486068
2019-09-25 17:42:03.487495
2019-09-25 17:42:04.488919
2019-09-25 17:42:05.490304
2019-09-25 17:42:06.491696
2019-09-25 17:42:07.493055
2019-09-25 17:42:08.494473
2019-09-25 17:42:09.495864
2019-09-25 17:42:10.497249
Запросы, созданные пользователями 1
2019-09-25 17:42:12.041011
2019-09-25 17:42:13.042389
2019-09-25 17:42:14.335568
2019-09-25 17:42:15.336986
2019-09-25 17:42:16.337882
2019-09-25 17:42:17.338694
2019-09-25 17:42:18.339460
2019-09-25 17:42:19.340252
2019-09-25 17:42:20.341116
2019-09-25 17:42:21.342013
2019-09-25 17:42:22.342947
2019-09-25 17:42:23.343819
2019-09-25 17:42:24.344609
2019-09-25 17:42:25.345496