 8778 pts/1    00:00:07 python3
 9241 ?        00:00:00 python3
 8778 pts/1    00:00:11 python3
 9730 ?        00:00:00 python3
 9975 ?        00:00:00 python3
Sun Sep 8 13:38:01 MSK 2019
11932 ?        00:00:00 python3
Sun Sep 8 14:38:01 MSK 2019
Sun Sep 8 15:38:01 MSK 2019
12693 ?        00:00:27 python3
Sun Sep 8 16:38:01 MSK 2019
Sun Sep 8 17:38:01 MSK 2019
Sun Sep 8 18:38:01 MSK 2019
Sun Sep 8 19:38:01 MSK 2019
Sun Sep 8 20:38:01 MSK 2019
Sun Sep 8 21:38:01 MSK 2019
Sun Sep 8 22:38:01 MSK 2019
18285 ?        00:00:18 python3 <defunct>
Sun Sep 8 23:38:01 MSK 2019
19037 ?        00:00:19 python3 <defunct>
Mon Sep 9 00:38:01 MSK 2019
Mon Sep 9 01:38:01 MSK 2019
Mon Sep 9 02:38:02 MSK 2019
Mon Sep 9 03:38:01 MSK 2019
Mon Sep 9 04:38:01 MSK 2019
Mon Sep 9 05:38:01 MSK 2019
23527 ?        00:00:19 python3 <defunct>
Mon Sep 9 06:38:01 MSK 2019
Mon Sep 9 07:38:01 MSK 2019
Mon Sep 9 08:38:01 MSK 2019
25901 ?        00:00:27 python3
Mon Sep 9 09:38:01 MSK 2019
27634 ?        00:00:32 python3
Mon Sep 9 10:38:01 MSK 2019
28411 ?        00:00:26 python3
Mon Sep 9 11:38:02 MSK 2019
29300 ?        00:00:27 python3
Mon Sep 9 12:38:01 MSK 2019
Mon Sep 9 13:38:01 MSK 2019
Mon Sep 9 14:38:01 MSK 2019
Mon Sep 9 15:38:01 MSK 2019
Mon Sep 9 16:38:01 MSK 2019
Mon Sep 9 17:38:01 MSK 2019
Mon Sep 9 18:38:01 MSK 2019
Mon Sep 9 19:38:01 MSK 2019
Mon Sep 9 20:38:01 MSK 2019
 5177 ?        00:00:28 python3
Mon Sep 9 21:38:01 MSK 2019
Mon Sep 9 22:38:01 MSK 2019
Mon Sep 9 23:38:01 MSK 2019
 7597 ?        00:00:22 python3 <defunct>
Tue Sep 10 00:38:01 MSK 2019
Tue Sep 10 01:38:01 MSK 2019
 9175 ?        00:00:28 python3
Tue Sep 10 02:38:01 MSK 2019
Tue Sep 10 03:38:01 MSK 2019
Tue Sep 10 04:38:02 MSK 2019
11564 ?        00:00:28 python3
Tue Sep 10 05:38:01 MSK 2019
Tue Sep 10 06:38:01 MSK 2019
13109 ?        00:00:16 python3 <defunct>
Tue Sep 10 07:38:01 MSK 2019
Tue Sep 10 08:38:01 MSK 2019
Tue Sep 10 09:38:01 MSK 2019
