{
    "requests_created": [],
    "requests_sent": [
        "2019-09-24 17:55:00.807642",
        "2019-09-24 17:57:00.568973",
        "2019-09-24 18:00:00.882829",
        "2019-09-24 20:00:00.636297",
        "2019-09-24 20:03:00.386995",
        "2019-09-24 20:04:00.559246",
        "2019-09-24 20:05:00.867318",
        "2019-09-24 21:45:00.656615",
        "2019-09-24 21:47:00.164857",
        "2019-09-24 22:00:00.607632",
        "2019-09-24 23:00:27.689712",
        "2019-09-24 23:00:27.990199",
        "2019-09-24 23:00:32.322538",
        "2019-09-24 23:40:00.776806",
        "2019-09-24 23:59:00.699832",
        "2019-09-25 07:17:00.569212",
        "2019-09-25 09:00:00.313355",
        "2019-09-25 09:45:00.820595",
        "2019-09-25 11:15:00.791718",
        "2019-09-25 11:30:00.747980",
        "2019-09-25 13:10:00.031516",
        "2019-09-25 13:10:00.286873",
        "2019-09-25 14:32:00.599882",
        "2019-09-25 17:00:00.427210"
    ],
    "requests_created_usr": {
        "640028321": [
            "2019-08-27 18:41:12.133026",
            "2019-08-29 17:32:29.852768",
            "2019-08-29 17:34:47.552954",
            "2019-08-30 13:03:08.543649",
            "2019-09-02 22:29:10.084022",
            "2019-09-02 23:44:17.513692",
            "2019-09-03 16:31:12.127284",
            "2019-09-03 16:32:54.977139",
            "2019-09-04 20:37:03.720631",
            "2019-09-05 20:09:19.083602",
            "2019-09-05 20:16:57.614855",
            "2019-09-05 21:23:10.543759",
            "2019-09-05 21:48:48.360092",
            "2019-09-05 22:59:45.541766",
            "2019-09-06 11:26:03.514645",
            "2019-09-06 17:03:39.915258",
            "2019-09-07 12:44:35.920843",
            "2019-09-07 15:00:01.188241",
            "2019-09-07 15:02:16.871487",
            "2019-09-07 15:08:13.543930",
            "2019-09-07 17:09:39.305915",
            "2019-09-07 17:10:12.294549",
            "2019-09-07 17:12:45.498061",
            "2019-09-07 17:14:10.318041",
            "2019-09-07 20:46:46.968634",
            "2019-09-07 21:19:34.949653",
            "2019-09-07 21:19:34.950431",
            "2019-09-07 21:19:34.951768",
            "2019-09-07 21:19:34.952942",
            "2019-09-07 21:19:34.953944",
            "2019-09-07 21:23:50.194533",
            "2019-09-07 21:23:50.195386",
            "2019-09-07 21:23:50.197544",
            "2019-09-07 21:23:50.198863",
            "2019-09-07 21:23:50.200079",
            "2019-09-07 21:40:31.571851",
            "2019-09-07 21:40:31.573873",
            "2019-09-07 21:40:31.575438",
            "2019-09-07 21:40:31.576624",
            "2019-09-07 21:40:31.577689",
            "2019-09-07 21:40:31.578802",
            "2019-09-07 21:40:31.580026",
            "2019-09-07 21:42:08.214300",
            "2019-09-07 21:42:08.215166",
            "2019-09-07 21:42:08.216952",
            "2019-09-07 21:42:08.218122",
            "2019-09-07 21:42:08.219429",
            "2019-09-07 21:42:08.220700",
            "2019-09-07 21:42:08.221975",
            "2019-09-07 21:42:08.223097",
            "2019-09-07 21:42:27.247078",
            "2019-09-07 21:42:27.248130",
            "2019-09-07 21:42:27.250099",
            "2019-09-07 21:42:27.251590",
            "2019-09-07 21:42:27.252828",
            "2019-09-07 21:42:27.254091",
            "2019-09-07 21:42:27.255339",
            "2019-09-07 21:42:27.256622",
            "2019-09-07 21:53:47.174512",
            "2019-09-08 09:31:11.306097",
            "2019-09-08 12:39:50.679837",
            "2019-09-08 12:46:23.341120",
            "2019-09-08 13:15:16.895872",
            "2019-09-08 13:19:09.409849",
            "2019-09-08 13:58:55.945907",
            "2019-09-08 14:28:55.859194",
            "2019-09-09 00:15:00.717420",
            "2019-09-09 00:21:06.435390",
            "2019-09-09 09:15:15.603762",
            "2019-09-09 10:10:37.584268",
            "2019-09-10 00:07:56.258988",
            "2019-09-10 20:29:49.790488",
            "2019-09-10 23:15:20.571463",
            "2019-09-10 23:39:57.583333",
            "2019-09-10 23:40:07.891906",
            "2019-09-10 23:45:48.179060",
            "2019-09-11 08:22:14.814393",
            "2019-09-11 13:23:50.022264",
            "2019-09-11 15:56:42.544091",
            "2019-09-12 10:58:53.602481",
            "2019-09-12 11:17:04.307087",
            "2019-09-12 11:20:01.979097",
            "2019-09-14 14:23:35.727375",
            "2019-09-20 17:28:16.536128",
            "2019-09-20 17:33:46.115857",
            "2019-09-20 17:36:35.612485",
            "2019-09-20 17:40:46.647951",
            "2019-09-20 17:43:44.481170",
            "2019-09-21 12:59:55.957397"
        ],
        "106052": [
            "2019-09-02 00:44:35.168579",
            "2019-09-03 22:45:24.043136",
            "2019-09-03 22:49:10.193706",
            "2019-09-06 13:49:57.387439",
            "2019-09-06 17:54:58.032042",
            "2019-09-06 17:56:09.346956",
            "2019-09-06 17:57:09.538342",
            "2019-09-06 18:01:26.225714",
            "2019-09-06 18:02:39.490746",
            "2019-09-06 18:03:53.837723",
            "2019-09-07 21:19:35.188550",
            "2019-09-07 21:19:36.398123",
            "2019-09-07 21:19:36.399208",
            "2019-09-07 21:19:36.400622",
            "2019-09-07 21:19:36.401710",
            "2019-09-07 21:19:36.402607",
            "2019-09-07 21:19:36.403739",
            "2019-09-07 21:19:36.404937",
            "2019-09-07 21:19:36.405970",
            "2019-09-07 21:19:36.406973",
            "2019-09-07 21:23:50.440080",
            "2019-09-07 21:23:51.675928",
            "2019-09-07 21:23:51.678297",
            "2019-09-07 21:23:51.679360",
            "2019-09-07 21:23:51.680591",
            "2019-09-07 21:23:51.681577",
            "2019-09-07 21:23:51.682879",
            "2019-09-07 21:23:51.684103",
            "2019-09-07 21:23:51.685248",
            "2019-09-07 21:23:51.686507",
            "2019-09-07 21:40:31.828244",
            "2019-09-07 21:40:33.043801",
            "2019-09-07 21:40:33.044932",
            "2019-09-07 21:40:33.046474",
            "2019-09-07 21:40:33.047657",
            "2019-09-07 21:40:33.048929",
            "2019-09-07 21:40:33.050146",
            "2019-09-07 21:40:33.051728",
            "2019-09-07 21:40:33.052687",
            "2019-09-07 21:40:33.053967",
            "2019-09-07 21:42:08.462492",
            "2019-09-07 21:42:09.670549",
            "2019-09-07 21:42:09.671653",
            "2019-09-07 21:42:09.673210",
            "2019-09-07 21:42:09.674368",
            "2019-09-07 21:42:09.675477",
            "2019-09-07 21:42:09.677255",
            "2019-09-07 21:42:09.678794",
            "2019-09-07 21:42:09.679967",
            "2019-09-07 21:42:09.681416",
            "2019-09-07 21:42:27.496840",
            "2019-09-07 21:42:28.703028",
            "2019-09-07 21:42:28.703981",
            "2019-09-07 21:42:28.705630",
            "2019-09-07 21:42:28.707006",
            "2019-09-07 21:42:28.709150",
            "2019-09-07 21:42:28.710338",
            "2019-09-07 21:42:28.711704",
            "2019-09-07 21:42:28.712570",
            "2019-09-07 21:42:28.713851",
            "2019-09-09 10:14:43.839117",
            "2019-09-09 10:15:48.328325",
            "2019-09-09 10:25:23.781675",
            "2019-09-09 10:26:08.200718",
            "2019-09-09 10:26:48.889052",
            "2019-09-09 10:27:39.052145",
            "2019-09-09 10:28:13.224666",
            "2019-09-09 13:07:58.431613",
            "2019-09-12 16:36:26.486273",
            "2019-09-14 23:18:53.541160",
            "2019-09-20 12:49:34.366290",
            "2019-09-20 12:49:47.104986",
            "2019-09-20 12:51:32.017132"
        ],
        "220142491": [
            "2019-09-02 21:12:28.993891",
            "2019-09-02 22:28:16.291428",
            "2019-09-02 22:29:40.552119",
            "2019-09-03 18:11:35.159393",
            "2019-09-04 20:10:47.336210",
            "2019-09-05 11:56:43.111150",
            "2019-09-05 18:45:25.759439",
            "2019-09-05 19:03:57.051975",
            "2019-09-06 11:20:20.946897",
            "2019-09-07 16:22:43.352670",
            "2019-09-07 21:19:35.424656",
            "2019-09-07 21:19:36.154822",
            "2019-09-07 21:19:37.372768",
            "2019-09-07 21:23:50.688849",
            "2019-09-07 21:23:51.424950",
            "2019-09-07 21:23:52.670959",
            "2019-09-07 21:40:32.074755",
            "2019-09-07 21:40:32.799076",
            "2019-09-07 21:40:34.027083",
            "2019-09-07 21:42:08.699327",
            "2019-09-07 21:42:09.423609",
            "2019-09-07 21:42:27.741920",
            "2019-09-07 21:42:28.465200",
            "2019-09-07 21:42:29.676166"
        ],
        "124570271": [
            "2019-09-04 13:09:15.769540",
            "2019-09-07 21:19:36.649561",
            "2019-09-07 21:23:51.931643",
            "2019-09-07 21:40:33.306340",
            "2019-09-07 21:42:09.923973",
            "2019-09-07 21:42:28.954989"
        ],
        "300726560": [
            "2019-09-06 13:02:50.904237",
            "2019-09-07 21:19:37.127130",
            "2019-09-07 21:23:52.431396",
            "2019-09-07 21:40:33.783456",
            "2019-09-07 21:42:29.433125",
            "2019-09-08 15:47:45.299218",
            "2019-09-08 15:49:26.885890",
            "2019-09-08 15:51:49.134121",
            "2019-09-08 15:53:37.445588",
            "2019-09-17 03:39:20.016840",
            "2019-09-17 03:39:26.808658",
            "2019-09-17 03:39:33.563108",
            "2019-09-17 03:39:52.916722",
            "2019-09-17 03:40:02.746709",
            "2019-09-17 03:41:46.289968",
            "2019-09-17 03:46:26.972291",
            "2019-09-19 09:43:41.395773",
            "2019-09-19 09:43:50.166037",
            "2019-09-21 10:56:04.486802",
            "2019-09-21 11:06:52.309929",
            "2019-09-21 11:12:48.046600"
        ],
        "255241485": [
            "2019-09-07 20:02:39.709327",
            "2019-09-07 21:19:37.615761",
            "2019-09-07 21:23:52.913116",
            "2019-09-07 21:40:34.272246",
            "2019-09-07 21:42:29.919179",
            "2019-09-08 04:18:22.312772",
            "2019-09-08 04:20:47.002644",
            "2019-09-08 04:22:56.939445",
            "2019-09-08 04:25:09.446175",
            "2019-09-08 04:31:25.671892",
            "2019-09-08 14:39:48.003914",
            "2019-09-08 14:41:38.845000",
            "2019-09-08 14:43:10.401310",
            "2019-09-08 14:44:15.000780"
        ],
        "505515118": [
            "2019-09-07 21:54:15.271987",
            "2019-09-07 21:59:18.282807"
        ],
        "369873429": [
            "2019-09-09 11:35:36.189432"
        ],
        "460819310": [
            "2019-09-14 08:56:10.787416",
            "2019-09-24 00:03:15.051613"
        ],
        "243751435": [
            "2019-09-15 00:57:09.322799",
            "2019-09-16 12:43:54.143223",
            "2019-09-16 12:43:57.892436",
            "2019-09-16 12:46:20.312789",
            "2019-09-21 11:22:28.022518",
            "2019-09-21 11:25:44.218940"
        ],
        "886484284": [
            "2019-09-15 13:53:52.780828",
            "2019-09-15 13:54:01.601938",
            "2019-09-15 14:07:56.859309",
            "2019-09-15 14:13:42.844322",
            "2019-09-17 18:16:38.116426"
        ]
    },
    "requests_sent_usr": {
        "640028321": [
            "2019-08-29 17:34:00.529338",
            "2019-08-29 17:36:00.827081",
            "2019-08-30 13:05:00.322580",
            "2019-08-30 14:14:00.478928",
            "2019-08-30 17:34:00.158219",
            "2019-08-30 17:36:00.644410",
            "2019-09-02 22:31:00.905886",
            "2019-09-02 23:45:00.774125",
            "2019-09-03 16:33:00.851154",
            "2019-09-03 16:33:00.928392",
            "2019-09-03 22:31:00.854999",
            "2019-09-05 20:11:00.664273",
            "2019-09-05 20:18:00.894195",
            "2019-09-05 21:25:00.600097",
            "2019-09-05 21:50:00.574569",
            "2019-09-06 01:45:00.514790",
            "2019-09-06 02:18:00.128849",
            "2019-09-06 03:11:00.633659",
            "2019-09-06 11:27:00.841813",
            "2019-09-06 17:05:00.375229",
            "2019-09-06 21:50:00.863658",
            "2019-09-07 15:10:00.250734",
            "2019-09-07 17:11:00.813489",
            "2019-09-07 17:16:17.159597",
            "2019-09-07 18:11:00.498770",
            "2019-09-07 21:55:00.406253",
            "2019-09-08 12:41:00.930554",
            "2019-09-08 13:10:00.630287",
            "2019-09-08 13:20:00.498698",
            "2019-09-08 13:40:00.078355",
            "2019-09-08 14:00:00.330969",
            "2019-09-08 14:30:00.837800",
            "2019-09-09 01:16:00.663661",
            "2019-09-09 09:17:00.940289",
            "2019-09-09 10:38:00.350398",
            "2019-09-09 13:40:00.223692",
            "2019-09-09 14:00:00.539936",
            "2019-09-09 14:30:00.850116",
            "2019-09-10 20:31:00.251833",
            "2019-09-10 23:17:00.617098",
            "2019-09-10 23:41:00.851580",
            "2019-09-10 23:41:00.937042",
            "2019-09-10 23:47:00.189409",
            "2019-09-11 00:09:00.211938",
            "2019-09-11 00:24:00.457846",
            "2019-09-11 01:16:00.263660",
            "2019-09-11 08:24:00.178472",
            "2019-09-11 09:17:00.538386",
            "2019-09-11 10:34:00.813340",
            "2019-09-11 10:38:00.162429",
            "2019-09-11 11:28:00.511240",
            "2019-09-11 12:37:00.484615",
            "2019-09-11 13:25:00.598705",
            "2019-09-11 14:00:00.154997",
            "2019-09-11 14:02:00.897029",
            "2019-09-11 14:30:00.055975",
            "2019-09-11 15:58:00.786580",
            "2019-09-11 16:08:00.432804",
            "2019-09-11 16:11:00.081763",
            "2019-09-11 20:22:00.790163",
            "2019-09-11 20:31:00.939207",
            "2019-09-11 23:17:00.642702",
            "2019-09-11 23:41:00.034702",
            "2019-09-11 23:47:00.131527",
            "2019-09-12 00:09:00.728452",
            "2019-09-12 00:24:00.852165",
            "2019-09-12 01:16:00.311959",
            "2019-09-12 08:24:00.664008",
            "2019-09-12 09:17:00.419848",
            "2019-09-12 10:34:00.326299",
            "2019-09-12 10:38:00.684371",
            "2019-09-12 11:00:00.151882",
            "2019-09-12 11:18:00.364286",
            "2019-09-12 11:21:00.937648",
            "2019-09-13 11:18:00.937793",
            "2019-09-13 11:21:00.714714",
            "2019-09-14 11:18:00.843364",
            "2019-09-14 11:21:00.985235",
            "2019-09-14 14:25:00.283604",
            "2019-09-15 11:18:00.347538",
            "2019-09-15 11:21:00.117653",
            "2019-09-16 11:18:00.072794",
            "2019-09-16 11:21:00.896587",
            "2019-09-16 14:25:00.248925",
            "2019-09-17 11:18:00.382977",
            "2019-09-17 11:21:00.170457",
            "2019-09-17 14:25:00.319919",
            "2019-09-18 11:18:00.914517",
            "2019-09-18 11:21:00.597143",
            "2019-09-18 14:25:00.225365",
            "2019-09-19 11:00:00.512321",
            "2019-09-19 11:18:00.533793",
            "2019-09-19 11:21:00.357129",
            "2019-09-19 14:25:00.804365",
            "2019-09-20 17:43:46.517798",
            "2019-09-20 17:45:00.286772",
            "2019-09-21 13:10:00.505624",
            "2019-09-22 13:10:00.007653",
            "2019-09-23 13:10:00.449653",
            "2019-09-24 13:10:00.077473",
            "2019-09-25 13:10:00.031523"
        ],
        "106052": [
            "2019-09-02 00:46:00.096490",
            "2019-09-03 00:46:00.253202",
            "2019-09-04 21:45:09.833029",
            "2019-09-04 21:47:00.637600",
            "2019-09-05 21:45:00.337155",
            "2019-09-05 21:47:00.348263",
            "2019-09-06 17:55:00.313415",
            "2019-09-06 17:57:00.478529",
            "2019-09-06 20:03:02.231352",
            "2019-09-06 20:04:00.631335",
            "2019-09-06 20:05:00.236219",
            "2019-09-06 21:45:00.356253",
            "2019-09-06 21:47:00.469926",
            "2019-09-06 23:59:00.505782",
            "2019-09-07 17:55:00.849134",
            "2019-09-07 17:57:00.867852",
            "2019-09-07 21:45:00.415926",
            "2019-09-07 21:47:00.374736",
            "2019-09-07 23:59:00.032595",
            "2019-09-08 14:32:00.856089",
            "2019-09-08 17:55:00.675948",
            "2019-09-08 17:57:00.110200",
            "2019-09-08 21:45:00.105359",
            "2019-09-08 21:47:00.162010",
            "2019-09-09 10:27:00.889960",
            "2019-09-09 10:38:00.668506",
            "2019-09-09 12:38:00.433306",
            "2019-09-09 13:10:01.005576",
            "2019-09-09 13:39:00.520134",
            "2019-09-09 14:32:00.143178",
            "2019-09-09 15:37:00.518937",
            "2019-09-09 17:55:00.361734",
            "2019-09-09 17:57:00.584657",
            "2019-09-09 21:45:00.739560",
            "2019-09-09 21:47:00.494258",
            "2019-09-10 21:45:00.270863",
            "2019-09-10 21:47:00.396033",
            "2019-09-10 23:59:00.588977",
            "2019-09-11 09:45:00.047441",
            "2019-09-11 09:45:00.168718",
            "2019-09-11 10:27:00.967137",
            "2019-09-11 10:38:00.287509",
            "2019-09-11 10:40:00.029806",
            "2019-09-11 12:37:00.747313",
            "2019-09-11 12:43:00.018772",
            "2019-09-11 12:44:00.624911",
            "2019-09-11 13:10:00.959815",
            "2019-09-11 13:39:00.435495",
            "2019-09-11 14:32:00.460002",
            "2019-09-11 15:37:00.812062",
            "2019-09-11 17:55:00.211748",
            "2019-09-11 17:57:00.639630",
            "2019-09-11 20:03:00.478703",
            "2019-09-11 20:04:00.242518",
            "2019-09-11 20:05:00.847027",
            "2019-09-11 21:45:00.989343",
            "2019-09-11 21:47:00.164558",
            "2019-09-11 23:59:00.296912",
            "2019-09-12 09:45:00.841482",
            "2019-09-12 10:27:00.473753",
            "2019-09-12 10:38:00.772201",
            "2019-09-12 10:40:00.323022",
            "2019-09-12 12:37:00.257921",
            "2019-09-12 12:43:00.856076",
            "2019-09-12 12:44:00.443473",
            "2019-09-12 13:10:00.509393",
            "2019-09-12 13:39:06.386768",
            "2019-09-12 14:32:00.008628",
            "2019-09-12 15:37:00.922902",
            "2019-09-12 17:55:00.987621",
            "2019-09-12 17:57:00.277348",
            "2019-09-12 20:03:00.079149",
            "2019-09-12 20:04:00.833729",
            "2019-09-12 20:05:00.401207",
            "2019-09-12 21:45:00.040009",
            "2019-09-12 21:47:00.333560",
            "2019-09-12 22:59:00.393414",
            "2019-09-12 23:59:00.074195",
            "2019-09-13 09:45:00.170298",
            "2019-09-13 10:27:00.329593",
            "2019-09-13 10:38:00.166996",
            "2019-09-13 10:40:00.616085",
            "2019-09-13 13:10:00.697218",
            "2019-09-13 14:32:00.670153",
            "2019-09-13 17:55:00.558386",
            "2019-09-13 17:57:00.801355",
            "2019-09-13 20:03:00.710154",
            "2019-09-13 20:04:00.457470",
            "2019-09-13 20:05:00.007878",
            "2019-09-13 21:45:00.536425",
            "2019-09-13 21:47:00.533923",
            "2019-09-13 22:59:00.899023",
            "2019-09-13 23:59:00.568579",
            "2019-09-14 09:45:00.518161",
            "2019-09-14 13:10:00.114065",
            "2019-09-14 14:32:00.102471",
            "2019-09-14 17:55:00.910566",
            "2019-09-14 17:57:00.174130",
            "2019-09-14 21:45:00.525334",
            "2019-09-14 21:47:00.589386",
            "2019-09-14 22:59:00.678074",
            "2019-09-14 23:40:00.050800",
            "2019-09-14 23:59:00.209238",
            "2019-09-15 09:45:00.693337",
            "2019-09-15 13:10:00.064595",
            "2019-09-15 17:55:00.381834",
            "2019-09-15 17:57:00.842120",
            "2019-09-15 21:45:00.878625",
            "2019-09-15 21:47:00.894885",
            "2019-09-15 23:40:00.483523",
            "2019-09-15 23:59:00.551960",
            "2019-09-16 09:45:00.588325",
            "2019-09-16 13:10:00.883802",
            "2019-09-16 14:32:00.138603",
            "2019-09-16 17:55:00.109654",
            "2019-09-16 17:57:00.693640",
            "2019-09-16 20:03:00.066058",
            "2019-09-16 20:04:00.805895",
            "2019-09-16 20:05:00.394286",
            "2019-09-16 21:47:43.937661",
            "2019-09-16 23:40:00.204725",
            "2019-09-16 23:59:00.371613",
            "2019-09-17 09:45:00.030841",
            "2019-09-17 13:10:00.002704",
            "2019-09-17 14:32:00.076843",
            "2019-09-17 17:55:00.101732",
            "2019-09-17 17:57:00.413423",
            "2019-09-17 20:03:00.044268",
            "2019-09-17 20:04:00.792534",
            "2019-09-17 20:05:00.347759",
            "2019-09-17 21:45:00.398458",
            "2019-09-17 21:47:00.428669",
            "2019-09-17 23:40:00.040527",
            "2019-09-17 23:59:00.469008",
            "2019-09-18 09:45:00.548406",
            "2019-09-18 13:10:00.708774",
            "2019-09-18 14:32:00.923304",
            "2019-09-18 17:55:00.393145",
            "2019-09-18 17:57:00.693326",
            "2019-09-18 20:03:00.519598",
            "2019-09-18 20:04:00.264393",
            "2019-09-18 20:05:00.849573",
            "2019-09-18 21:45:00.724923",
            "2019-09-18 21:47:00.778624",
            "2019-09-18 23:40:00.915262",
            "2019-09-18 23:59:00.141677",
            "2019-09-19 09:45:00.381824",
            "2019-09-19 13:10:00.309611",
            "2019-09-19 14:32:00.544125",
            "2019-09-19 17:55:00.794876",
            "2019-09-19 17:57:00.015151",
            "2019-09-19 20:03:00.702074",
            "2019-09-19 20:04:00.590613",
            "2019-09-19 20:05:00.184165",
            "2019-09-19 21:45:00.042056",
            "2019-09-19 21:47:00.120223",
            "2019-09-19 23:40:00.224132",
            "2019-09-19 23:59:00.509586",
            "2019-09-20 09:45:00.482639",
            "2019-09-20 13:00:00.661411",
            "2019-09-20 13:00:00.755929",
            "2019-09-20 13:10:00.858089",
            "2019-09-20 14:32:00.561285",
            "2019-09-20 17:55:00.219900",
            "2019-09-20 17:57:00.002520",
            "2019-09-20 20:03:00.808923",
            "2019-09-20 20:04:00.298634",
            "2019-09-20 20:05:00.585218",
            "2019-09-20 21:45:00.013150",
            "2019-09-20 21:47:00.705632",
            "2019-09-20 23:40:00.996657",
            "2019-09-20 23:59:00.331213",
            "2019-09-21 09:45:00.563508",
            "2019-09-21 13:10:00.212648",
            "2019-09-21 17:55:00.938585",
            "2019-09-21 17:57:00.902049",
            "2019-09-21 21:45:00.205126",
            "2019-09-21 21:47:00.043446",
            "2019-09-21 23:40:00.678104",
            "2019-09-21 23:59:00.118820",
            "2019-09-22 09:45:01.000551",
            "2019-09-22 13:10:00.269808",
            "2019-09-22 17:55:00.992397",
            "2019-09-22 17:57:00.806202",
            "2019-09-22 21:45:00.960600",
            "2019-09-22 21:47:00.131336",
            "2019-09-22 23:40:00.362754",
            "2019-09-22 23:59:00.490717",
            "2019-09-23 09:45:00.386542",
            "2019-09-23 13:10:00.716343",
            "2019-09-23 17:55:00.241940",
            "2019-09-23 17:57:00.036277",
            "2019-09-23 20:03:00.614339",
            "2019-09-23 20:04:00.181245",
            "2019-09-23 20:05:00.222642",
            "2019-09-23 21:45:00.493241",
            "2019-09-23 21:47:00.518692",
            "2019-09-23 23:40:00.840638",
            "2019-09-23 23:59:00.861274",
            "2019-09-24 09:45:00.164852",
            "2019-09-24 13:10:00.367910",
            "2019-09-24 14:32:00.608166",
            "2019-09-24 17:55:00.807649",
            "2019-09-24 17:57:00.568980",
            "2019-09-24 20:03:00.387000",
            "2019-09-24 20:04:00.559252",
            "2019-09-24 20:05:00.867324",
            "2019-09-24 21:45:00.656621",
            "2019-09-24 21:47:00.164904",
            "2019-09-24 23:40:00.776812",
            "2019-09-24 23:59:00.699838",
            "2019-09-25 09:45:00.820600",
            "2019-09-25 13:10:00.286879",
            "2019-09-25 14:32:00.599887"
        ],
        "220142491": [
            "2019-09-02 21:14:00.615249",
            "2019-09-02 22:31:00.985995",
            "2019-09-04 21:15:00.571016",
            "2019-09-04 22:00:00.194634",
            "2019-09-04 23:15:00.557394",
            "2019-09-06 00:00:00.377671",
            "2019-09-06 03:00:00.197776",
            "2019-09-06 17:00:00.606486",
            "2019-09-07 17:00:00.726966",
            "2019-09-11 17:00:00.714288",
            "2019-09-12 16:00:00.049943",
            "2019-09-12 17:00:00.784538",
            "2019-09-13 17:00:00.140697",
            "2019-09-16 16:00:00.951383",
            "2019-09-16 17:00:00.488536",
            "2019-09-17 17:00:00.275812",
            "2019-09-18 17:00:00.834533",
            "2019-09-19 16:00:00.982340",
            "2019-09-19 17:00:00.536937",
            "2019-09-20 17:00:00.925860",
            "2019-09-23 16:00:00.429095",
            "2019-09-23 17:00:00.407455",
            "2019-09-24 17:00:00.142114",
            "2019-09-25 17:00:00.427216"
        ],
        "300726560": [
            "2019-09-06 13:05:00.869879",
            "2019-09-08 13:05:00.881626",
            "2019-09-08 18:00:00.562801",
            "2019-09-09 09:00:00.539425",
            "2019-09-09 13:05:00.267972",
            "2019-09-09 18:00:00.177924",
            "2019-09-11 09:00:00.403904",
            "2019-09-11 13:05:00.823290",
            "2019-09-11 18:00:00.262402",
            "2019-09-12 09:00:00.539969",
            "2019-09-12 13:05:00.844437",
            "2019-09-12 18:00:00.843499",
            "2019-09-13 09:00:00.406049",
            "2019-09-13 13:05:00.989199",
            "2019-09-13 18:00:00.423279",
            "2019-09-14 09:00:00.095163",
            "2019-09-14 18:00:00.641265",
            "2019-09-15 09:00:00.558989",
            "2019-09-15 18:00:00.484404",
            "2019-09-16 09:00:00.923063",
            "2019-09-16 18:00:00.218945",
            "2019-09-17 09:00:00.881614",
            "2019-09-17 18:00:00.970151",
            "2019-09-17 23:00:40.298053",
            "2019-09-18 09:00:00.349404",
            "2019-09-18 18:00:00.295373",
            "2019-09-18 23:00:42.933140",
            "2019-09-19 09:00:00.154857",
            "2019-09-19 18:00:00.224774",
            "2019-09-19 22:00:00.721654",
            "2019-09-19 23:00:39.107825",
            "2019-09-20 09:00:00.179361",
            "2019-09-20 18:00:00.579865",
            "2019-09-20 22:00:00.505615",
            "2019-09-20 23:00:20.909113",
            "2019-09-21 09:00:00.680324",
            "2019-09-21 11:08:00.186220",
            "2019-09-21 11:15:00.722877",
            "2019-09-21 18:00:00.342826",
            "2019-09-21 22:00:00.655653",
            "2019-09-21 23:00:24.172251",
            "2019-09-22 09:00:00.592532",
            "2019-09-22 11:15:00.679195",
            "2019-09-22 18:00:00.494561",
            "2019-09-22 22:00:00.107893",
            "2019-09-22 23:00:28.887356",
            "2019-09-23 09:00:00.188009",
            "2019-09-23 11:15:00.024572",
            "2019-09-23 18:00:00.060508",
            "2019-09-23 22:00:00.177132",
            "2019-09-23 23:00:25.871135",
            "2019-09-23 23:00:26.152041",
            "2019-09-24 09:00:00.065874",
            "2019-09-24 11:15:00.117220",
            "2019-09-24 18:00:00.882835",
            "2019-09-24 22:00:00.607639",
            "2019-09-24 23:00:27.689717",
            "2019-09-24 23:00:27.990204",
            "2019-09-25 09:00:00.313361",
            "2019-09-25 11:15:00.791724"
        ],
        "255241485": [
            "2019-09-08 15:00:00.087643",
            "2019-09-08 19:00:00.550840",
            "2019-09-08 19:20:00.203768",
            "2019-09-09 11:30:00.433522",
            "2019-09-09 15:00:00.893923",
            "2019-09-09 19:00:00.422649",
            "2019-09-09 19:20:00.407494",
            "2019-09-11 11:30:00.858176",
            "2019-09-11 15:00:00.230732",
            "2019-09-11 19:00:00.910847",
            "2019-09-11 19:20:00.388752",
            "2019-09-12 11:30:00.561004",
            "2019-09-12 15:00:00.436154",
            "2019-09-12 19:00:00.466073",
            "2019-09-12 19:20:00.841025",
            "2019-09-13 11:30:00.456368",
            "2019-09-13 15:00:00.058971",
            "2019-09-13 19:00:00.518648",
            "2019-09-13 19:20:00.236677",
            "2019-09-14 15:00:00.109979",
            "2019-09-14 19:00:00.059643",
            "2019-09-14 19:20:00.132196",
            "2019-09-15 15:00:00.191270",
            "2019-09-15 19:00:00.084666",
            "2019-09-15 19:20:00.026397"
        ],
        "505515118": [
            "2019-09-09 18:03:00.911268",
            "2019-09-09 21:55:00.017050",
            "2019-09-10 21:55:00.641262",
            "2019-09-11 18:03:00.072127",
            "2019-09-11 21:55:00.375216"
        ],
        "369873429": [
            "2019-09-10 23:00:26.634961",
            "2019-09-11 23:00:29.835277",
            "2019-09-12 23:00:35.108791",
            "2019-09-13 23:00:36.223340",
            "2019-09-14 23:00:38.030802",
            "2019-09-15 23:00:39.455918",
            "2019-09-16 23:00:35.647958",
            "2019-09-17 23:00:40.559569",
            "2019-09-18 23:00:43.201734",
            "2019-09-19 23:00:39.357141",
            "2019-09-20 23:00:21.179387",
            "2019-09-21 23:00:26.825139",
            "2019-09-22 23:00:31.670922",
            "2019-09-23 23:00:28.622192",
            "2019-09-24 23:00:32.322543"
        ],
        "460819310": [
            "2019-09-15 08:56:00.319880",
            "2019-09-16 08:56:00.737818",
            "2019-09-17 08:56:00.613754",
            "2019-09-18 08:56:00.112419",
            "2019-09-19 08:56:01.004654",
            "2019-09-24 07:17:00.208841",
            "2019-09-25 07:17:00.569218"
        ],
        "886484284": [
            "2019-09-16 14:15:00.032168",
            "2019-09-17 14:15:00.011467"
        ],
        "243751435": [
            "2019-09-21 11:30:00.935528",
            "2019-09-21 20:00:00.730674",
            "2019-09-22 20:00:00.628246",
            "2019-09-23 20:00:00.056819",
            "2019-09-24 20:00:00.636308",
            "2019-09-25 11:30:00.747990"
        ]
    }
}